This file contains any messages produced by compilers while
running configure, to aid debugging if configure makes a mistake.

It was created by configure, which was
generated by GNU Autoconf 2.69.  Invocation command line was

  $ ./configure 

## --------- ##
## Platform. ##
## --------- ##

hostname = magespawn-kde
uname -m = x86_64
uname -r = 5.3.0-62-generic
uname -s = Linux
uname -v = #56~18.04.1-Ubuntu SMP Wed Jun 24 16:17:03 UTC 2020

/usr/bin/uname -p = unknown
/bin/uname -X     = unknown

/bin/arch              = unknown
/usr/bin/arch -k       = unknown
/usr/convex/getsysinfo = unknown
/usr/bin/hostinfo      = unknown
/bin/machine           = unknown
/usr/bin/oslevel       = unknown
/bin/universe          = unknown

PATH: /usr/local/sbin
PATH: /usr/local/bin
PATH: /usr/sbin
PATH: /usr/bin
PATH: /sbin
PATH: /bin
PATH: /snap/bin


## ----------- ##
## Core tests. ##
## ----------- ##

configure:2202: checking build system type
configure:2216: result: x86_64-unknown-linux-gnu
configure:2236: checking host system type
configure:2249: result: x86_64-unknown-linux-gnu
configure:2328: checking for gcc
configure:2344: found /usr/bin/gcc
configure:2355: result: gcc
configure:2584: checking for C compiler version
configure:2593: gcc --version >&5
gcc (Ubuntu 7.5.0-3ubuntu1~18.04) 7.5.0
Copyright (C) 2017 Free Software Foundation, Inc.
This is free software; see the source for copying conditions.  There is NO
warranty; not even for MERCHANTABILITY or FITNESS FOR A PARTICULAR PURPOSE.

configure:2604: $? = 0
configure:2593: gcc -v >&5
Using built-in specs.
COLLECT_GCC=gcc
COLLECT_LTO_WRAPPER=/usr/lib/gcc/x86_64-linux-gnu/7/lto-wrapper
OFFLOAD_TARGET_NAMES=nvptx-none
OFFLOAD_TARGET_DEFAULT=1
Target: x86_64-linux-gnu
Configured with: ../src/configure -v --with-pkgversion='Ubuntu 7.5.0-3ubuntu1~18.04' --with-bugurl=file:///usr/share/doc/gcc-7/README.Bugs --enable-languages=c,ada,c++,go,brig,d,fortran,objc,obj-c++ --prefix=/usr --with-gcc-major-version-only --program-suffix=-7 --program-prefix=x86_64-linux-gnu- --enable-shared --enable-linker-build-id --libexecdir=/usr/lib --without-included-gettext --enable-threads=posix --libdir=/usr/lib --enable-nls --enable-bootstrap --enable-clocale=gnu --enable-libstdcxx-debug --enable-libstdcxx-time=yes --with-default-libstdcxx-abi=new --enable-gnu-unique-object --disable-vtable-verify --enable-libmpx --enable-plugin --enable-default-pie --with-system-zlib --with-target-system-zlib --enable-objc-gc=auto --enable-multiarch --disable-werror --with-arch-32=i686 --with-abi=m64 --with-multilib-list=m32,m64,mx32 --enable-multilib --with-tune=generic --enable-offload-targets=nvptx-none --without-cuda-driver --enable-checking=release --build=x86_64-linux-gnu --host=x86_64-linux-gnu --target=x86_64-linux-gnu
Thread model: posix
gcc version 7.5.0 (Ubuntu 7.5.0-3ubuntu1~18.04) 
configure:2604: $? = 0
configure:2593: gcc -V >&5
gcc: error: unrecognized command line option '-V'
gcc: fatal error: no input files
compilation terminated.
configure:2604: $? = 1
configure:2593: gcc -qversion >&5
gcc: error: unrecognized command line option '-qversion'; did you mean '--version'?
gcc: fatal error: no input files
compilation terminated.
configure:2604: $? = 1
configure:2624: checking whether the C compiler works
configure:2646: gcc    conftest.c  >&5
configure:2650: $? = 0
configure:2698: result: yes
configure:2701: checking for C compiler default output file name
configure:2703: result: a.out
configure:2709: checking for suffix of executables
configure:2716: gcc -o conftest    conftest.c  >&5
configure:2720: $? = 0
configure:2742: result: 
configure:2764: checking whether we are cross compiling
configure:2772: gcc -o conftest    conftest.c  >&5
configure:2776: $? = 0
configure:2783: ./conftest
configure:2787: $? = 0
configure:2802: result: no
configure:2807: checking for suffix of object files
configure:2829: gcc -c   conftest.c >&5
configure:2833: $? = 0
configure:2854: result: o
configure:2858: checking whether we are using the GNU C compiler
configure:2877: gcc -c   conftest.c >&5
configure:2877: $? = 0
configure:2886: result: yes
configure:2895: checking whether gcc accepts -g
configure:2915: gcc -c -g  conftest.c >&5
configure:2915: $? = 0
configure:2956: result: yes
configure:2973: checking for gcc option to accept ISO C89
configure:3036: gcc  -c -g -O2  conftest.c >&5
configure:3036: $? = 0
configure:3049: result: none needed
configure:3069: checking whether ln -s works
configure:3073: result: yes
configure:3080: checking whether make sets $(MAKE)
configure:3102: result: yes
configure:3125: checking for a BSD-compatible install
configure:3193: result: /usr/bin/install -c
configure:3206: checking for gethostbyname in -lnsl
configure:3231: gcc -o conftest -g -O2   conftest.c -lnsl   >&5
configure:3231: $? = 0
configure:3240: result: yes
configure:3251: checking for connect in -lsocket
configure:3276: gcc -o conftest -g -O2   conftest.c -lsocket  -lnsl  >&5
/usr/bin/ld: cannot find -lsocket
collect2: error: ld returned 1 exit status
configure:3276: $? = 1
configure: failed program was:
| /* confdefs.h */
| #define PACKAGE_NAME ""
| #define PACKAGE_TARNAME ""
| #define PACKAGE_VERSION ""
| #define PACKAGE_STRING ""
| #define PACKAGE_BUGREPORT ""
| #define PACKAGE_URL ""
| #define HOST_SYSTEM_TYPE "x86_64-unknown-linux-gnu"
| #define HAVE_LIBNSL 1
| /* end confdefs.h.  */
| 
| /* Override any GCC internal prototype to avoid an error.
|    Use char because int might match the return type of a GCC
|    builtin and then its argument prototype would still apply.  */
| #ifdef __cplusplus
| extern "C"
| #endif
| char connect ();
| int
| main ()
| {
| return connect ();
|   ;
|   return 0;
| }
configure:3285: result: no
configure:3296: checking for inet_aton in -lresolv
configure:3321: gcc -o conftest -g -O2   conftest.c -lresolv  -lnsl  >&5
configure:3321: $? = 0
configure:3330: result: yes
configure:3341: checking for sin in -lm
configure:3366: gcc -o conftest -g -O2   conftest.c -lm  -lresolv -lnsl  >&5
conftest.c:19:6: warning: conflicting types for built-in function 'sin' [-Wbuiltin-declaration-mismatch]
 char sin ();
      ^~~
configure:3366: $? = 0
configure:3375: result: yes
configure:3393: checking how to run the C preprocessor
configure:3424: gcc -E  conftest.c
configure:3424: $? = 0
configure:3438: gcc -E  conftest.c
conftest.c:13:10: fatal error: ac_nonexistent.h: No such file or directory
 #include <ac_nonexistent.h>
          ^~~~~~~~~~~~~~~~~~
compilation terminated.
configure:3438: $? = 1
configure: failed program was:
| /* confdefs.h */
| #define PACKAGE_NAME ""
| #define PACKAGE_TARNAME ""
| #define PACKAGE_VERSION ""
| #define PACKAGE_STRING ""
| #define PACKAGE_BUGREPORT ""
| #define PACKAGE_URL ""
| #define HOST_SYSTEM_TYPE "x86_64-unknown-linux-gnu"
| #define HAVE_LIBNSL 1
| #define HAVE_LIBRESOLV 1
| #define HAVE_LIBM 1
| /* end confdefs.h.  */
| #include <ac_nonexistent.h>
configure:3463: result: gcc -E
configure:3483: gcc -E  conftest.c
configure:3483: $? = 0
configure:3497: gcc -E  conftest.c
conftest.c:13:10: fatal error: ac_nonexistent.h: No such file or directory
 #include <ac_nonexistent.h>
          ^~~~~~~~~~~~~~~~~~
compilation terminated.
configure:3497: $? = 1
configure: failed program was:
| /* confdefs.h */
| #define PACKAGE_NAME ""
| #define PACKAGE_TARNAME ""
| #define PACKAGE_VERSION ""
| #define PACKAGE_STRING ""
| #define PACKAGE_BUGREPORT ""
| #define PACKAGE_URL ""
| #define HOST_SYSTEM_TYPE "x86_64-unknown-linux-gnu"
| #define HAVE_LIBNSL 1
| #define HAVE_LIBRESOLV 1
| #define HAVE_LIBM 1
| /* end confdefs.h.  */
| #include <ac_nonexistent.h>
configure:3526: checking for grep that handles long lines and -e
configure:3584: result: /bin/grep
configure:3589: checking for egrep
configure:3651: result: /bin/grep -E
configure:3656: checking for ANSI C header files
configure:3676: gcc -c -g -O2  conftest.c >&5
configure:3676: $? = 0
configure:3749: gcc -o conftest -g -O2   conftest.c -lm -lresolv -lnsl  >&5
configure:3749: $? = 0
configure:3749: ./conftest
configure:3749: $? = 0
configure:3760: result: yes
configure:3773: checking for sys/types.h
configure:3773: gcc -c -g -O2  conftest.c >&5
configure:3773: $? = 0
configure:3773: result: yes
configure:3773: checking for sys/stat.h
configure:3773: gcc -c -g -O2  conftest.c >&5
configure:3773: $? = 0
configure:3773: result: yes
configure:3773: checking for stdlib.h
configure:3773: gcc -c -g -O2  conftest.c >&5
configure:3773: $? = 0
configure:3773: result: yes
configure:3773: checking for string.h
configure:3773: gcc -c -g -O2  conftest.c >&5
configure:3773: $? = 0
configure:3773: result: yes
configure:3773: checking for memory.h
configure:3773: gcc -c -g -O2  conftest.c >&5
configure:3773: $? = 0
configure:3773: result: yes
configure:3773: checking for strings.h
configure:3773: gcc -c -g -O2  conftest.c >&5
configure:3773: $? = 0
configure:3773: result: yes
configure:3773: checking for inttypes.h
configure:3773: gcc -c -g -O2  conftest.c >&5
configure:3773: $? = 0
configure:3773: result: yes
configure:3773: checking for stdint.h
configure:3773: gcc -c -g -O2  conftest.c >&5
configure:3773: $? = 0
configure:3773: result: yes
configure:3773: checking for unistd.h
configure:3773: gcc -c -g -O2  conftest.c >&5
configure:3773: $? = 0
configure:3773: result: yes
configure:3788: checking arpa/inet.h usability
configure:3788: gcc -c -g -O2  conftest.c >&5
configure:3788: $? = 0
configure:3788: result: yes
configure:3788: checking arpa/inet.h presence
configure:3788: gcc -E  conftest.c
configure:3788: $? = 0
configure:3788: result: yes
configure:3788: checking for arpa/inet.h
configure:3788: result: yes
configure:3788: checking fcntl.h usability
configure:3788: gcc -c -g -O2  conftest.c >&5
configure:3788: $? = 0
configure:3788: result: yes
configure:3788: checking fcntl.h presence
configure:3788: gcc -E  conftest.c
configure:3788: $? = 0
configure:3788: result: yes
configure:3788: checking for fcntl.h
configure:3788: result: yes
configure:3788: checking limits.h usability
configure:3788: gcc -c -g -O2  conftest.c >&5
configure:3788: $? = 0
configure:3788: result: yes
configure:3788: checking limits.h presence
configure:3788: gcc -E  conftest.c
configure:3788: $? = 0
configure:3788: result: yes
configure:3788: checking for limits.h
configure:3788: result: yes
configure:3788: checking netdb.h usability
configure:3788: gcc -c -g -O2  conftest.c >&5
configure:3788: $? = 0
configure:3788: result: yes
configure:3788: checking netdb.h presence
configure:3788: gcc -E  conftest.c
configure:3788: $? = 0
configure:3788: result: yes
configure:3788: checking for netdb.h
configure:3788: result: yes
configure:3788: checking netinet/in.h usability
configure:3788: gcc -c -g -O2  conftest.c >&5
configure:3788: $? = 0
configure:3788: result: yes
configure:3788: checking netinet/in.h presence
configure:3788: gcc -E  conftest.c
configure:3788: $? = 0
configure:3788: result: yes
configure:3788: checking for netinet/in.h
configure:3788: result: yes
configure:3788: checking for stdlib.h
configure:3788: result: yes
configure:3788: checking for string.h
configure:3788: result: yes
configure:3788: checking for strings.h
configure:3788: result: yes
configure:3788: checking sys/ioctl.h usability
configure:3788: gcc -c -g -O2  conftest.c >&5
configure:3788: $? = 0
configure:3788: result: yes
configure:3788: checking sys/ioctl.h presence
configure:3788: gcc -E  conftest.c
configure:3788: $? = 0
configure:3788: result: yes
configure:3788: checking for sys/ioctl.h
configure:3788: result: yes
configure:3788: checking sys/socket.h usability
configure:3788: gcc -c -g -O2  conftest.c >&5
configure:3788: $? = 0
configure:3788: result: yes
configure:3788: checking sys/socket.h presence
configure:3788: gcc -E  conftest.c
configure:3788: $? = 0
configure:3788: result: yes
configure:3788: checking for sys/socket.h
configure:3788: result: yes
configure:3788: checking sys/time.h usability
configure:3788: gcc -c -g -O2  conftest.c >&5
configure:3788: $? = 0
configure:3788: result: yes
configure:3788: checking sys/time.h presence
configure:3788: gcc -E  conftest.c
configure:3788: $? = 0
configure:3788: result: yes
configure:3788: checking for sys/time.h
configure:3788: result: yes
configure:3788: checking for unistd.h
configure:3788: result: yes
configure:3799: checking for an ANSI C-conforming const
configure:3865: gcc -c -g -O2  conftest.c >&5
configure:3865: $? = 0
configure:3872: result: yes
configure:3880: checking for size_t
configure:3880: gcc -c -g -O2  conftest.c >&5
configure:3880: $? = 0
configure:3880: gcc -c -g -O2  conftest.c >&5
conftest.c: In function 'main':
conftest.c:71:21: error: expected expression before ')' token
 if (sizeof ((size_t)))
                     ^
configure:3880: $? = 1
configure: failed program was:
| /* confdefs.h */
| #define PACKAGE_NAME ""
| #define PACKAGE_TARNAME ""
| #define PACKAGE_VERSION ""
| #define PACKAGE_STRING ""
| #define PACKAGE_BUGREPORT ""
| #define PACKAGE_URL ""
| #define HOST_SYSTEM_TYPE "x86_64-unknown-linux-gnu"
| #define HAVE_LIBNSL 1
| #define HAVE_LIBRESOLV 1
| #define HAVE_LIBM 1
| #define STDC_HEADERS 1
| #define HAVE_SYS_TYPES_H 1
| #define HAVE_SYS_STAT_H 1
| #define HAVE_STDLIB_H 1
| #define HAVE_STRING_H 1
| #define HAVE_MEMORY_H 1
| #define HAVE_STRINGS_H 1
| #define HAVE_INTTYPES_H 1
| #define HAVE_STDINT_H 1
| #define HAVE_UNISTD_H 1
| #define HAVE_ARPA_INET_H 1
| #define HAVE_FCNTL_H 1
| #define HAVE_LIMITS_H 1
| #define HAVE_NETDB_H 1
| #define HAVE_NETINET_IN_H 1
| #define HAVE_STDLIB_H 1
| #define HAVE_STRING_H 1
| #define HAVE_STRINGS_H 1
| #define HAVE_SYS_IOCTL_H 1
| #define HAVE_SYS_SOCKET_H 1
| #define HAVE_SYS_TIME_H 1
| #define HAVE_UNISTD_H 1
| /* end confdefs.h.  */
| #include <stdio.h>
| #ifdef HAVE_SYS_TYPES_H
| # include <sys/types.h>
| #endif
| #ifdef HAVE_SYS_STAT_H
| # include <sys/stat.h>
| #endif
| #ifdef STDC_HEADERS
| # include <stdlib.h>
| # include <stddef.h>
| #else
| # ifdef HAVE_STDLIB_H
| #  include <stdlib.h>
| # endif
| #endif
| #ifdef HAVE_STRING_H
| # if !defined STDC_HEADERS && defined HAVE_MEMORY_H
| #  include <memory.h>
| # endif
| # include <string.h>
| #endif
| #ifdef HAVE_STRINGS_H
| # include <strings.h>
| #endif
| #ifdef HAVE_INTTYPES_H
| # include <inttypes.h>
| #endif
| #ifdef HAVE_STDINT_H
| # include <stdint.h>
| #endif
| #ifdef HAVE_UNISTD_H
| # include <unistd.h>
| #endif
| int
| main ()
| {
| if (sizeof ((size_t)))
| 	    return 0;
|   ;
|   return 0;
| }
configure:3880: result: yes
configure:3891: checking whether time.h and sys/time.h may both be included
configure:3911: gcc -c -g -O2  conftest.c >&5
configure:3911: $? = 0
configure:3918: result: yes
configure:3926: checking whether struct tm is in sys/time.h or time.h
configure:3946: gcc -c -g -O2  conftest.c >&5
configure:3946: $? = 0
configure:3953: result: time.h
configure:3963: checking whether gcc needs -traditional
configure:3997: result: no
configure:4006: checking for working alloca.h
configure:4023: gcc -o conftest -g -O2   conftest.c -lm -lresolv -lnsl  >&5
configure:4023: $? = 0
configure:4031: result: yes
configure:4039: checking for alloca
configure:4076: gcc -o conftest -g -O2   conftest.c -lm -lresolv -lnsl  >&5
configure:4076: $? = 0
configure:4084: result: yes
configure:4192: checking for stdlib.h
configure:4192: result: yes
configure:4202: checking for GNU libc compatible malloc
configure:4226: gcc -o conftest -g -O2   conftest.c -lm -lresolv -lnsl  >&5
configure:4226: $? = 0
configure:4226: ./conftest
configure:4226: $? = 0
configure:4236: result: yes
configure:4259: checking for stdlib.h
configure:4259: result: yes
configure:4269: checking for GNU libc compatible realloc
configure:4293: gcc -o conftest -g -O2   conftest.c -lm -lresolv -lnsl  >&5
configure:4293: $? = 0
configure:4293: ./conftest
configure:4293: $? = 0
configure:4303: result: yes
configure:4327: checking sys/select.h usability
configure:4327: gcc -c -g -O2  conftest.c >&5
configure:4327: $? = 0
configure:4327: result: yes
configure:4327: checking sys/select.h presence
configure:4327: gcc -E  conftest.c
configure:4327: $? = 0
configure:4327: result: yes
configure:4327: checking for sys/select.h
configure:4327: result: yes
configure:4327: checking for sys/socket.h
configure:4327: result: yes
configure:4337: checking types of arguments for select
configure:4365: gcc -c -g -O2  conftest.c >&5
configure:4365: $? = 0
configure:4376: result: int,fd_set *,struct timeval *
configure:4401: checking for strftime
configure:4401: gcc -o conftest -g -O2   conftest.c -lm -lresolv -lnsl  >&5
conftest.c:70:6: warning: conflicting types for built-in function 'strftime' [-Wbuiltin-declaration-mismatch]
 char strftime ();
      ^~~~~~~~
configure:4401: $? = 0
configure:4401: result: yes
configure:4457: checking for bzero
configure:4457: gcc -o conftest -g -O2   conftest.c -lm -lresolv -lnsl  >&5
conftest.c:71:6: warning: conflicting types for built-in function 'bzero' [-Wbuiltin-declaration-mismatch]
 char bzero ();
      ^~~~~
configure:4457: $? = 0
configure:4457: result: yes
configure:4457: checking for gethostbyaddr
configure:4457: gcc -o conftest -g -O2   conftest.c -lm -lresolv -lnsl  >&5
configure:4457: $? = 0
configure:4457: result: yes
configure:4457: checking for gethostbyname
configure:4457: gcc -o conftest -g -O2   conftest.c -lm -lresolv -lnsl  >&5
configure:4457: $? = 0
configure:4457: result: yes
configure:4457: checking for gettimeofday
configure:4457: gcc -o conftest -g -O2   conftest.c -lm -lresolv -lnsl  >&5
configure:4457: $? = 0
configure:4457: result: yes
configure:4457: checking for inet_ntoa
configure:4457: gcc -o conftest -g -O2   conftest.c -lm -lresolv -lnsl  >&5
configure:4457: $? = 0
configure:4457: result: yes
configure:4457: checking for memset
configure:4457: gcc -o conftest -g -O2   conftest.c -lm -lresolv -lnsl  >&5
conftest.c:76:6: warning: conflicting types for built-in function 'memset' [-Wbuiltin-declaration-mismatch]
 char memset ();
      ^~~~~~
configure:4457: $? = 0
configure:4457: result: yes
configure:4457: checking for select
configure:4457: gcc -o conftest -g -O2   conftest.c -lm -lresolv -lnsl  >&5
configure:4457: $? = 0
configure:4457: result: yes
configure:4457: checking for setenv
configure:4457: gcc -o conftest -g -O2   conftest.c -lm -lresolv -lnsl  >&5
configure:4457: $? = 0
configure:4457: result: yes
configure:4457: checking for socket
configure:4457: gcc -o conftest -g -O2   conftest.c -lm -lresolv -lnsl  >&5
configure:4457: $? = 0
configure:4457: result: yes
configure:4457: checking for strchr
configure:4457: gcc -o conftest -g -O2   conftest.c -lm -lresolv -lnsl  >&5
conftest.c:80:6: warning: conflicting types for built-in function 'strchr' [-Wbuiltin-declaration-mismatch]
 char strchr ();
      ^~~~~~
configure:4457: $? = 0
configure:4457: result: yes
configure:4457: checking for strdup
configure:4457: gcc -o conftest -g -O2   conftest.c -lm -lresolv -lnsl  >&5
conftest.c:81:6: warning: conflicting types for built-in function 'strdup' [-Wbuiltin-declaration-mismatch]
 char strdup ();
      ^~~~~~
configure:4457: $? = 0
configure:4457: result: yes
configure:4457: checking for strstr
configure:4457: gcc -o conftest -g -O2   conftest.c -lm -lresolv -lnsl  >&5
conftest.c:82:6: warning: conflicting types for built-in function 'strstr' [-Wbuiltin-declaration-mismatch]
 char strstr ();
      ^~~~~~
configure:4457: $? = 0
configure:4457: result: yes
configure:4583: gcc -c -g -O2  conftest.c >&5
In file included from /usr/include/x86_64-linux-gnu/sys/types.h:25:0,
                 from conftest.c:62:
/usr/include/features.h:184:3: warning: #warning "_BSD_SOURCE and _SVID_SOURCE are deprecated, use _DEFAULT_SOURCE" [-Wcpp]
 # warning "_BSD_SOURCE and _SVID_SOURCE are deprecated, use _DEFAULT_SOURCE"
   ^~~~~~~
conftest.c: In function 'main':
conftest.c:67:40: error: 'struct sockaddr' has no member named 'sa_len'
 u_int i = sizeof(((struct sockaddr *)0)->sa_len)
                                        ^~
configure:4583: $? = 1
configure: failed program was:
| /* confdefs.h */
| #define PACKAGE_NAME ""
| #define PACKAGE_TARNAME ""
| #define PACKAGE_VERSION ""
| #define PACKAGE_STRING ""
| #define PACKAGE_BUGREPORT ""
| #define PACKAGE_URL ""
| #define HOST_SYSTEM_TYPE "x86_64-unknown-linux-gnu"
| #define HAVE_LIBNSL 1
| #define HAVE_LIBRESOLV 1
| #define HAVE_LIBM 1
| #define STDC_HEADERS 1
| #define HAVE_SYS_TYPES_H 1
| #define HAVE_SYS_STAT_H 1
| #define HAVE_STDLIB_H 1
| #define HAVE_STRING_H 1
| #define HAVE_MEMORY_H 1
| #define HAVE_STRINGS_H 1
| #define HAVE_INTTYPES_H 1
| #define HAVE_STDINT_H 1
| #define HAVE_UNISTD_H 1
| #define HAVE_ARPA_INET_H 1
| #define HAVE_FCNTL_H 1
| #define HAVE_LIMITS_H 1
| #define HAVE_NETDB_H 1
| #define HAVE_NETINET_IN_H 1
| #define HAVE_STDLIB_H 1
| #define HAVE_STRING_H 1
| #define HAVE_STRINGS_H 1
| #define HAVE_SYS_IOCTL_H 1
| #define HAVE_SYS_SOCKET_H 1
| #define HAVE_SYS_TIME_H 1
| #define HAVE_UNISTD_H 1
| #define TIME_WITH_SYS_TIME 1
| #define HAVE_ALLOCA_H 1
| #define HAVE_ALLOCA 1
| #define HAVE_STDLIB_H 1
| #define HAVE_MALLOC 1
| #define HAVE_STDLIB_H 1
| #define HAVE_REALLOC 1
| #define HAVE_SYS_SELECT_H 1
| #define HAVE_SYS_SOCKET_H 1
| #define SELECT_TYPE_ARG1 int
| #define SELECT_TYPE_ARG234 (fd_set *)
| #define SELECT_TYPE_ARG5 (struct timeval *)
| #define HAVE_STRFTIME 1
| #define HAVE_BZERO 1
| #define HAVE_GETHOSTBYADDR 1
| #define HAVE_GETHOSTBYNAME 1
| #define HAVE_GETTIMEOFDAY 1
| #define HAVE_INET_NTOA 1
| #define HAVE_MEMSET 1
| #define HAVE_SELECT 1
| #define HAVE_SETENV 1
| #define HAVE_SOCKET 1
| #define HAVE_STRCHR 1
| #define HAVE_STRDUP 1
| #define HAVE_STRSTR 1
| #define _BSD_SOURCE 1
| /* end confdefs.h.  */
| 
| #       include <sys/types.h>
| #       include <sys/socket.h>
| int
| main ()
| {
| u_int i = sizeof(((struct sockaddr *)0)->sa_len)
|   ;
|   return 0;
| }
configure:4590: checking for pcap_lookupdev in -lpcap
configure:4615: gcc -o conftest -g -O2   conftest.c -lpcap  -lm -lresolv -lnsl  >&5
configure:4615: $? = 0
configure:4624: result: yes
configure:4642: checking pcap.h usability
configure:4642: gcc -c -g -O2  conftest.c >&5
In file included from /usr/include/x86_64-linux-gnu/bits/libc-header-start.h:33:0,
                 from /usr/include/stdio.h:27,
                 from conftest.c:62:
/usr/include/features.h:184:3: warning: #warning "_BSD_SOURCE and _SVID_SOURCE are deprecated, use _DEFAULT_SOURCE" [-Wcpp]
 # warning "_BSD_SOURCE and _SVID_SOURCE are deprecated, use _DEFAULT_SOURCE"
   ^~~~~~~
configure:4642: $? = 0
configure:4642: result: yes
configure:4642: checking pcap.h presence
configure:4642: gcc -E  conftest.c
In file included from /usr/include/x86_64-linux-gnu/sys/types.h:25:0,
                 from /usr/include/pcap/pcap.h:46,
                 from /usr/include/pcap.h:43,
                 from conftest.c:62:
/usr/include/features.h:184:3: warning: #warning "_BSD_SOURCE and _SVID_SOURCE are deprecated, use _DEFAULT_SOURCE" [-Wcpp]
 # warning "_BSD_SOURCE and _SVID_SOURCE are deprecated, use _DEFAULT_SOURCE"
   ^~~~~~~
configure:4642: $? = 0
configure:4642: result: yes
configure:4642: checking for pcap.h
configure:4642: result: yes
configure:4660: checking if we should build universal binaries
configure:4674: result: no
configure:4678: checking if we should gettimeofday for each packet
configure:4686: result: no
configure:4806: creating ./config.status

## ---------------------- ##
## Running config.status. ##
## ---------------------- ##

This file was extended by config.status, which was
generated by GNU Autoconf 2.69.  Invocation command line was

  CONFIG_FILES    = 
  CONFIG_HEADERS  = 
  CONFIG_LINKS    = 
  CONFIG_COMMANDS = 
  $ ./config.status 

on magespawn-kde

config.status:855: creating Makefile
config.status:855: creating config/acconfig.h

## ---------------- ##
## Cache variables. ##
## ---------------- ##

ac_cv_build=x86_64-unknown-linux-gnu
ac_cv_c_compiler_gnu=yes
ac_cv_c_const=yes
ac_cv_env_CC_set=
ac_cv_env_CC_value=
ac_cv_env_CFLAGS_set=
ac_cv_env_CFLAGS_value=
ac_cv_env_CPPFLAGS_set=
ac_cv_env_CPPFLAGS_value=
ac_cv_env_CPP_set=
ac_cv_env_CPP_value=
ac_cv_env_LDFLAGS_set=
ac_cv_env_LDFLAGS_value=
ac_cv_env_LIBS_set=
ac_cv_env_LIBS_value=
ac_cv_env_build_alias_set=
ac_cv_env_build_alias_value=
ac_cv_env_host_alias_set=
ac_cv_env_host_alias_value=
ac_cv_env_target_alias_set=
ac_cv_env_target_alias_value=
ac_cv_func_alloca_works=yes
ac_cv_func_bzero=yes
ac_cv_func_gethostbyaddr=yes
ac_cv_func_gethostbyname=yes
ac_cv_func_gettimeofday=yes
ac_cv_func_inet_ntoa=yes
ac_cv_func_malloc_0_nonnull=yes
ac_cv_func_memset=yes
ac_cv_func_realloc_0_nonnull=yes
ac_cv_func_select=yes
ac_cv_func_select_args='int,fd_set *,struct timeval *'
ac_cv_func_setenv=yes
ac_cv_func_socket=yes
ac_cv_func_strchr=yes
ac_cv_func_strdup=yes
ac_cv_func_strftime=yes
ac_cv_func_strstr=yes
ac_cv_header_arpa_inet_h=yes
ac_cv_header_fcntl_h=yes
ac_cv_header_inttypes_h=yes
ac_cv_header_limits_h=yes
ac_cv_header_memory_h=yes
ac_cv_header_netdb_h=yes
ac_cv_header_netinet_in_h=yes
ac_cv_header_pcap_h=yes
ac_cv_header_stdc=yes
ac_cv_header_stdint_h=yes
ac_cv_header_stdlib_h=yes
ac_cv_header_string_h=yes
ac_cv_header_strings_h=yes
ac_cv_header_sys_ioctl_h=yes
ac_cv_header_sys_select_h=yes
ac_cv_header_sys_socket_h=yes
ac_cv_header_sys_stat_h=yes
ac_cv_header_sys_time_h=yes
ac_cv_header_sys_types_h=yes
ac_cv_header_time=yes
ac_cv_header_unistd_h=yes
ac_cv_host=x86_64-unknown-linux-gnu
ac_cv_lib_m_sin=yes
ac_cv_lib_nsl_gethostbyname=yes
ac_cv_lib_pcap_pcap_lookupdev=yes
ac_cv_lib_resolv_inet_aton=yes
ac_cv_lib_socket_connect=no
ac_cv_objext=o
ac_cv_path_EGREP='/bin/grep -E'
ac_cv_path_GREP=/bin/grep
ac_cv_path_install='/usr/bin/install -c'
ac_cv_prog_CPP='gcc -E'
ac_cv_prog_ac_ct_CC=gcc
ac_cv_prog_cc_c89=
ac_cv_prog_cc_g=yes
ac_cv_prog_gcc_traditional=no
ac_cv_prog_make_make_set=yes
ac_cv_struct_tm=time.h
ac_cv_type_size_t=yes
ac_cv_working_alloca_h=yes

## ----------------- ##
## Output variables. ##
## ----------------- ##

ALLOCA=''
CC='gcc'
CFLAGS='-g -O2'
CPP='gcc -E'
CPPFLAGS=''
DEFS='-DHAVE_CONFIG_H'
ECHO_C=''
ECHO_N='-n'
ECHO_T=''
EGREP='/bin/grep -E'
EXEEXT=''
GREP='/bin/grep'
INSTALL_DATA='${INSTALL} -m 644'
INSTALL_PROGRAM='${INSTALL}'
INSTALL_SCRIPT='${INSTALL}'
LDFLAGS=''
LIBOBJS=''
LIBS='-lpcap -lm -lresolv -lnsl '
LN_S='ln -s'
LTLIBOBJS=''
OBJEXT='o'
PACKAGE_BUGREPORT=''
PACKAGE_NAME=''
PACKAGE_STRING=''
PACKAGE_TARNAME=''
PACKAGE_URL=''
PACKAGE_VERSION=''
PATH_SEPARATOR=':'
SET_MAKE=''
SHELL='/bin/bash'
ac_ct_CC='gcc'
bindir='${exec_prefix}/bin'
build='x86_64-unknown-linux-gnu'
build_alias=''
build_cpu='x86_64'
build_os='linux-gnu'
build_vendor='unknown'
datadir='${datarootdir}'
datarootdir='${prefix}/share'
docdir='${datarootdir}/doc/${PACKAGE}'
dvidir='${docdir}'
exec_prefix='${prefix}'
host='x86_64-unknown-linux-gnu'
host_alias=''
host_cpu='x86_64'
host_os='linux-gnu'
host_vendor='unknown'
htmldir='${docdir}'
includedir='${prefix}/include'
infodir='${datarootdir}/info'
libdir='${exec_prefix}/lib'
libexecdir='${exec_prefix}/libexec'
localedir='${datarootdir}/locale'
localstatedir='${prefix}/var'
mandir='${datarootdir}/man'
oldincludedir='/usr/include'
pdfdir='${docdir}'
prefix='/usr/local'
program_transform_name='s,x,x,'
psdir='${docdir}'
sbindir='${exec_prefix}/sbin'
sharedstatedir='${prefix}/com'
sysconfdir='${prefix}/etc'
target_alias=''

## ----------- ##
## confdefs.h. ##
## ----------- ##

/* confdefs.h */
#define PACKAGE_NAME ""
#define PACKAGE_TARNAME ""
#define PACKAGE_VERSION ""
#define PACKAGE_STRING ""
#define PACKAGE_BUGREPORT ""
#define PACKAGE_URL ""
#define HOST_SYSTEM_TYPE "x86_64-unknown-linux-gnu"
#define HAVE_LIBNSL 1
#define HAVE_LIBRESOLV 1
#define HAVE_LIBM 1
#define STDC_HEADERS 1
#define HAVE_SYS_TYPES_H 1
#define HAVE_SYS_STAT_H 1
#define HAVE_STDLIB_H 1
#define HAVE_STRING_H 1
#define HAVE_MEMORY_H 1
#define HAVE_STRINGS_H 1
#define HAVE_INTTYPES_H 1
#define HAVE_STDINT_H 1
#define HAVE_UNISTD_H 1
#define HAVE_ARPA_INET_H 1
#define HAVE_FCNTL_H 1
#define HAVE_LIMITS_H 1
#define HAVE_NETDB_H 1
#define HAVE_NETINET_IN_H 1
#define HAVE_STDLIB_H 1
#define HAVE_STRING_H 1
#define HAVE_STRINGS_H 1
#define HAVE_SYS_IOCTL_H 1
#define HAVE_SYS_SOCKET_H 1
#define HAVE_SYS_TIME_H 1
#define HAVE_UNISTD_H 1
#define TIME_WITH_SYS_TIME 1
#define HAVE_ALLOCA_H 1
#define HAVE_ALLOCA 1
#define HAVE_STDLIB_H 1
#define HAVE_MALLOC 1
#define HAVE_STDLIB_H 1
#define HAVE_REALLOC 1
#define HAVE_SYS_SELECT_H 1
#define HAVE_SYS_SOCKET_H 1
#define SELECT_TYPE_ARG1 int
#define SELECT_TYPE_ARG234 (fd_set *)
#define SELECT_TYPE_ARG5 (struct timeval *)
#define HAVE_STRFTIME 1
#define HAVE_BZERO 1
#define HAVE_GETHOSTBYADDR 1
#define HAVE_GETHOSTBYNAME 1
#define HAVE_GETTIMEOFDAY 1
#define HAVE_INET_NTOA 1
#define HAVE_MEMSET 1
#define HAVE_SELECT 1
#define HAVE_SETENV 1
#define HAVE_SOCKET 1
#define HAVE_STRCHR 1
#define HAVE_STRDUP 1
#define HAVE_STRSTR 1
#define _BSD_SOURCE 1
#define HAVE_LIBPCAP 1

configure: exit 0
